<?xml version="1.0" encoding="UTF-8"?>
<!-- Generated by org.testng.reporters.JUnitXMLReporter -->
<testsuite ignored="1" hostname="SWWAPNILL" failures="0" tests="7" name="Default test" time="0.121" errors="0" timestamp="2022-07-04T20:48:40 IST">
  <testcase classname="test_package.Keywords_annotation_In_TestNG" name="test4" time="0.009"/>
  <testcase classname="test_package.Keywords_annotation_In_TestNG" name="test6" time="0.013"/>
  <testcase classname="test_package.Keywords_annotation_In_TestNG" name="test2" time="0.003"/>
  <testcase classname="test_package.Keywords_annotation_In_TestNG" name="test2" time="0.001"/>
  <testcase classname="test_package.Keywords_annotation_In_TestNG" name="test2" time="0.002"/>
  <testcase classname="test_package.Keywords_annotation_In_TestNG" name="test1" time="0.002"/>
  <testcase classname="test_package.Keywords_annotation_In_TestNG" name="test3" time="0.002"/>
  <testcase classname="test_package.Keywords_annotation_In_TestNG" name="test5" time="0.0">
    <ignored/>
  </testcase> <!-- test5 -->
</testsuite> <!-- Default test -->
