<?xml version="1.0" encoding="UTF-8"?>
<!-- Generated by org.testng.reporters.JUnitXMLReporter -->
<testsuite ignored="0" hostname="SWWAPNILL" failures="0" tests="3" name="hrm&amp;fb" time="71.453" errors="0" timestamp="2022-07-05T09:44:50 IST">
  <testcase classname="test_package.FBTNG" name="test1" time="0.011"/>
  <testcase classname="test_package.TestNG_hrm" name="ValidateAdminTab" time="41.042"/>
  <testcase classname="test_package.TestNG_hrm" name="ValidateHomepage" time="0.265"/>
</testsuite> <!-- hrm&fb -->
