<?xml version="1.0" encoding="UTF-8"?>
<testng-results ignored="0" total="3" passed="3" failed="0" skipped="0">
  <reporter-output>
  </reporter-output>
  <suite started-at="2022-07-05T09:43:39 IST" name="Suite" finished-at="2022-07-05T09:44:50 IST" duration-ms="71453">
    <groups>
    </groups>
    <test started-at="2022-07-05T09:43:39 IST" name="hrm&amp;fb" finished-at="2022-07-05T09:44:50 IST" duration-ms="71453">
      <class name="test_package.TestNG_hrm">
        <test-method is-config="true" signature="beforeClass()[pri:0, instance:test_package.TestNG_hrm@6fd83fc1]" started-at="2022-07-05T09:43:46 IST" name="beforeClass" finished-at="2022-07-05T09:43:58 IST" duration-ms="11524" status="PASS">
          <reporter-output>
          </reporter-output>
        </test-method> <!-- beforeClass -->
        <test-method is-config="true" signature="beforeMethod()[pri:0, instance:test_package.TestNG_hrm@6fd83fc1]" started-at="2022-07-05T09:43:58 IST" name="beforeMethod" finished-at="2022-07-05T09:44:03 IST" duration-ms="5019" status="PASS">
          <reporter-output>
          </reporter-output>
        </test-method> <!-- beforeMethod -->
        <test-method signature="ValidateAdminTab()[pri:0, instance:test_package.TestNG_hrm@6fd83fc1]" started-at="2022-07-05T09:44:03 IST" name="ValidateAdminTab" finished-at="2022-07-05T09:44:44 IST" duration-ms="41042" status="PASS">
          <reporter-output>
          </reporter-output>
        </test-method> <!-- ValidateAdminTab -->
        <test-method is-config="true" signature="afterMethod()[pri:0, instance:test_package.TestNG_hrm@6fd83fc1]" started-at="2022-07-05T09:44:44 IST" name="afterMethod" finished-at="2022-07-05T09:44:46 IST" duration-ms="1766" status="PASS">
          <reporter-output>
          </reporter-output>
        </test-method> <!-- afterMethod -->
        <test-method is-config="true" signature="beforeMethod()[pri:0, instance:test_package.TestNG_hrm@6fd83fc1]" started-at="2022-07-05T09:44:46 IST" name="beforeMethod" finished-at="2022-07-05T09:44:48 IST" duration-ms="2539" status="PASS">
          <reporter-output>
          </reporter-output>
        </test-method> <!-- beforeMethod -->
        <test-method signature="ValidateHomepage()[pri:0, instance:test_package.TestNG_hrm@6fd83fc1]" started-at="2022-07-05T09:44:48 IST" name="ValidateHomepage" finished-at="2022-07-05T09:44:48 IST" duration-ms="265" status="PASS">
          <reporter-output>
          </reporter-output>
        </test-method> <!-- ValidateHomepage -->
        <test-method is-config="true" signature="afterMethod()[pri:0, instance:test_package.TestNG_hrm@6fd83fc1]" started-at="2022-07-05T09:44:48 IST" name="afterMethod" finished-at="2022-07-05T09:44:50 IST" duration-ms="1859" status="PASS">
          <reporter-output>
          </reporter-output>
        </test-method> <!-- afterMethod -->
        <test-method is-config="true" signature="afterClass()[pri:0, instance:test_package.TestNG_hrm@6fd83fc1]" started-at="2022-07-05T09:44:50 IST" name="afterClass" finished-at="2022-07-05T09:44:50 IST" duration-ms="0" status="PASS">
          <reporter-output>
          </reporter-output>
        </test-method> <!-- afterClass -->
      </class> <!-- test_package.TestNG_hrm -->
      <class name="test_package.FBTNG">
        <test-method is-config="true" signature="b4class()[pri:0, instance:test_package.FBTNG@2c35e847]" started-at="2022-07-05T09:43:39 IST" name="b4class" finished-at="2022-07-05T09:43:46 IST" duration-ms="6899" status="PASS">
          <reporter-output>
          </reporter-output>
        </test-method> <!-- b4class -->
        <test-method is-config="true" signature="ValidateLogin()[pri:0, instance:test_package.FBTNG@2c35e847]" started-at="2022-07-05T09:43:46 IST" name="ValidateLogin" finished-at="2022-07-05T09:43:46 IST" duration-ms="464" status="PASS">
          <reporter-output>
          </reporter-output>
        </test-method> <!-- ValidateLogin -->
        <test-method signature="test1()[pri:0, instance:test_package.FBTNG@2c35e847]" started-at="2022-07-05T09:43:46 IST" name="test1" finished-at="2022-07-05T09:43:46 IST" duration-ms="11" status="PASS">
          <reporter-output>
          </reporter-output>
        </test-method> <!-- test1 -->
        <test-method is-config="true" signature="aftrmethod()[pri:0, instance:test_package.FBTNG@2c35e847]" started-at="2022-07-05T09:43:46 IST" name="aftrmethod" finished-at="2022-07-05T09:43:46 IST" duration-ms="0" status="PASS">
          <reporter-output>
          </reporter-output>
        </test-method> <!-- aftrmethod -->
        <test-method is-config="true" signature="aftrclass()[pri:0, instance:test_package.FBTNG@2c35e847]" started-at="2022-07-05T09:43:46 IST" name="aftrclass" finished-at="2022-07-05T09:43:46 IST" duration-ms="0" status="PASS">
          <reporter-output>
          </reporter-output>
        </test-method> <!-- aftrclass -->
      </class> <!-- test_package.FBTNG -->
    </test> <!-- hrm&fb -->
  </suite> <!-- Suite -->
</testng-results>
